<?xml version="1.0" encoding="UTF-8"?>
<!-- Generated by org.testng.reporters.JUnitXMLReporter -->
<testsuite hostname="MTY-VK5N1ZELQVG" ignored="0" name="Default test" tests="12" failures="0" timestamp="2021-07-02T19:41:31 CDT" time="132.191" errors="0">
  <testcase name="clickSignIn" time="6.439" classname="MyTest.Test1"/>
  <testcase name="fillCreateMail" time="10.175" classname="MyTest.Test1"/>
  <testcase name="fillRegisterData" time="11.446" classname="MyTest.Test1"/>
  <testcase name="search" time="19.663" classname="MyTest.Test1"/>
  <testcase name="colorSelection" time="7.071" classname="MyTest.Test1"/>
  <testcase name="continuarSelection" time="10.048" classname="MyTest.Test1"/>
  <testcase name="proceedToCheckOut" time="12.932" classname="MyTest.Test1"/>
  <testcase name="addressesCheckOut" time="9.18" classname="MyTest.Test1"/>
  <testcase name="shippingCheckOut" time="9.201" classname="MyTest.Test1"/>
  <testcase name="choosePaymentMethod" time="7.17" classname="MyTest.Test1"/>
  <testcase name="confirmOrder" time="8.818" classname="MyTest.Test1"/>
  <testcase name="returnToOrders" time="9.229" classname="MyTest.Test1"/>
</testsuite> <!-- Default test -->
