<?xml version="1.0" encoding="UTF-8"?>
<testng-results skipped="0" failed="0" ignored="0" total="12" passed="12">
  <reporter-output>
  </reporter-output>
  <suite name="Default suite" duration-ms="132191" started-at="2021-07-02T19:39:19 CDT" finished-at="2021-07-02T19:41:31 CDT">
    <groups>
    </groups>
    <test name="Default test" duration-ms="132191" started-at="2021-07-02T19:39:19 CDT" finished-at="2021-07-02T19:41:31 CDT">
      <class name="MyTest.Test1">
        <test-method status="PASS" signature="setBaseURL()[pri:0, instance:MyTest.Test1@587d1d39]" name="setBaseURL" is-config="true" duration-ms="10773" started-at="2021-07-02T19:39:19 CDT" finished-at="2021-07-02T19:39:30 CDT">
          <reporter-output>
          </reporter-output>
        </test-method> <!-- setBaseURL -->
        <test-method status="PASS" signature="clickSignIn()[pri:1, instance:MyTest.Test1@587d1d39]" name="clickSignIn" duration-ms="6439" started-at="2021-07-02T19:39:30 CDT" finished-at="2021-07-02T19:39:36 CDT">
          <reporter-output>
          </reporter-output>
        </test-method> <!-- clickSignIn -->
        <test-method status="PASS" signature="fillCreateMail()[pri:2, instance:MyTest.Test1@587d1d39]" name="fillCreateMail" duration-ms="10175" started-at="2021-07-02T19:39:36 CDT" finished-at="2021-07-02T19:39:46 CDT">
          <reporter-output>
          </reporter-output>
        </test-method> <!-- fillCreateMail -->
        <test-method status="PASS" signature="fillRegisterData()[pri:3, instance:MyTest.Test1@587d1d39]" name="fillRegisterData" duration-ms="11446" started-at="2021-07-02T19:39:46 CDT" finished-at="2021-07-02T19:39:58 CDT">
          <reporter-output>
          </reporter-output>
        </test-method> <!-- fillRegisterData -->
        <test-method status="PASS" signature="search()[pri:4, instance:MyTest.Test1@587d1d39]" name="search" duration-ms="19663" started-at="2021-07-02T19:39:58 CDT" finished-at="2021-07-02T19:40:18 CDT">
          <reporter-output>
          </reporter-output>
        </test-method> <!-- search -->
        <test-method status="PASS" signature="colorSelection()[pri:5, instance:MyTest.Test1@587d1d39]" name="colorSelection" duration-ms="7071" started-at="2021-07-02T19:40:18 CDT" finished-at="2021-07-02T19:40:25 CDT">
          <reporter-output>
          </reporter-output>
        </test-method> <!-- colorSelection -->
        <test-method status="PASS" signature="continuarSelection()[pri:6, instance:MyTest.Test1@587d1d39]" name="continuarSelection" duration-ms="10048" started-at="2021-07-02T19:40:25 CDT" finished-at="2021-07-02T19:40:35 CDT">
          <reporter-output>
          </reporter-output>
        </test-method> <!-- continuarSelection -->
        <test-method status="PASS" signature="proceedToCheckOut()[pri:7, instance:MyTest.Test1@587d1d39]" name="proceedToCheckOut" duration-ms="12932" started-at="2021-07-02T19:40:35 CDT" finished-at="2021-07-02T19:40:48 CDT">
          <reporter-output>
          </reporter-output>
        </test-method> <!-- proceedToCheckOut -->
        <test-method status="PASS" signature="addressesCheckOut()[pri:8, instance:MyTest.Test1@587d1d39]" name="addressesCheckOut" duration-ms="9180" started-at="2021-07-02T19:40:48 CDT" finished-at="2021-07-02T19:40:57 CDT">
          <reporter-output>
          </reporter-output>
        </test-method> <!-- addressesCheckOut -->
        <test-method status="PASS" signature="shippingCheckOut()[pri:8, instance:MyTest.Test1@587d1d39]" name="shippingCheckOut" duration-ms="9201" started-at="2021-07-02T19:40:57 CDT" finished-at="2021-07-02T19:41:06 CDT">
          <reporter-output>
          </reporter-output>
        </test-method> <!-- shippingCheckOut -->
        <test-method status="PASS" signature="choosePaymentMethod()[pri:9, instance:MyTest.Test1@587d1d39]" name="choosePaymentMethod" duration-ms="7170" started-at="2021-07-02T19:41:06 CDT" finished-at="2021-07-02T19:41:13 CDT">
          <reporter-output>
          </reporter-output>
        </test-method> <!-- choosePaymentMethod -->
        <test-method status="PASS" signature="confirmOrder()[pri:10, instance:MyTest.Test1@587d1d39]" name="confirmOrder" duration-ms="8818" started-at="2021-07-02T19:41:13 CDT" finished-at="2021-07-02T19:41:22 CDT">
          <reporter-output>
          </reporter-output>
        </test-method> <!-- confirmOrder -->
        <test-method status="PASS" signature="returnToOrders()[pri:11, instance:MyTest.Test1@587d1d39]" name="returnToOrders" duration-ms="9229" started-at="2021-07-02T19:41:22 CDT" finished-at="2021-07-02T19:41:31 CDT">
          <reporter-output>
          </reporter-output>
        </test-method> <!-- returnToOrders -->
      </class> <!-- MyTest.Test1 -->
    </test> <!-- Default test -->
  </suite> <!-- Default suite -->
</testng-results>
