<?xml version="1.0" encoding="UTF-8"?>
<testng-results skipped="0" failed="0" ignored="0" total="9" passed="9">
  <reporter-output>
  </reporter-output>
  <suite name="Default suite" duration-ms="59332" started-at="2021-07-04T21:03:21 CDT" finished-at="2021-07-04T21:04:20 CDT">
    <groups>
    </groups>
    <test name="Default test" duration-ms="59332" started-at="2021-07-04T21:03:21 CDT" finished-at="2021-07-04T21:04:20 CDT">
      <class name="ReviewTest.writeAReview">
        <test-method status="PASS" signature="setBaseURL()[pri:0, instance:ReviewTest.writeAReview@58c1670b]" name="setBaseURL" is-config="true" duration-ms="10766" started-at="2021-07-04T21:03:21 CDT" finished-at="2021-07-04T21:03:32 CDT">
          <reporter-output>
          </reporter-output>
        </test-method> <!-- setBaseURL -->
        <test-method status="PASS" signature="clickSignIn()[pri:1, instance:ReviewTest.writeAReview@58c1670b]" name="clickSignIn" duration-ms="6323" started-at="2021-07-04T21:03:32 CDT" finished-at="2021-07-04T21:03:38 CDT">
          <reporter-output>
          </reporter-output>
        </test-method> <!-- clickSignIn -->
        <test-method status="PASS" signature="signIn()[pri:2, instance:ReviewTest.writeAReview@58c1670b]" name="signIn" duration-ms="5107" started-at="2021-07-04T21:03:38 CDT" finished-at="2021-07-04T21:03:43 CDT">
          <reporter-output>
          </reporter-output>
        </test-method> <!-- signIn -->
        <test-method status="PASS" signature="navigateToWomen()[pri:3, instance:ReviewTest.writeAReview@58c1670b]" name="navigateToWomen" duration-ms="4725" started-at="2021-07-04T21:03:43 CDT" finished-at="2021-07-04T21:03:48 CDT">
          <reporter-output>
          </reporter-output>
        </test-method> <!-- navigateToWomen -->
        <test-method status="PASS" signature="navigateToTops()[pri:4, instance:ReviewTest.writeAReview@58c1670b]" name="navigateToTops" duration-ms="4335" started-at="2021-07-04T21:03:48 CDT" finished-at="2021-07-04T21:03:52 CDT">
          <reporter-output>
          </reporter-output>
        </test-method> <!-- navigateToTops -->
        <test-method status="PASS" signature="selecProduct()[pri:5, instance:ReviewTest.writeAReview@58c1670b]" name="selecProduct" duration-ms="4320" started-at="2021-07-04T21:03:52 CDT" finished-at="2021-07-04T21:03:56 CDT">
          <reporter-output>
          </reporter-output>
        </test-method> <!-- selecProduct -->
        <test-method status="PASS" signature="clickWriteAReview()[pri:6, instance:ReviewTest.writeAReview@58c1670b]" name="clickWriteAReview" duration-ms="3109" started-at="2021-07-04T21:03:56 CDT" finished-at="2021-07-04T21:03:59 CDT">
          <reporter-output>
          </reporter-output>
        </test-method> <!-- clickWriteAReview -->
        <test-method status="PASS" signature="leaveReview()[pri:7, instance:ReviewTest.writeAReview@58c1670b]" name="leaveReview" duration-ms="10333" started-at="2021-07-04T21:03:59 CDT" finished-at="2021-07-04T21:04:10 CDT">
          <reporter-output>
          </reporter-output>
        </test-method> <!-- leaveReview -->
        <test-method status="PASS" signature="finishReview()[pri:8, instance:ReviewTest.writeAReview@58c1670b]" name="finishReview" duration-ms="3359" started-at="2021-07-04T21:04:10 CDT" finished-at="2021-07-04T21:04:13 CDT">
          <reporter-output>
          </reporter-output>
        </test-method> <!-- finishReview -->
        <test-method status="PASS" signature="returnHome()[pri:9, instance:ReviewTest.writeAReview@58c1670b]" name="returnHome" duration-ms="6054" started-at="2021-07-04T21:04:13 CDT" finished-at="2021-07-04T21:04:19 CDT">
          <reporter-output>
          </reporter-output>
        </test-method> <!-- returnHome -->
        <test-method status="PASS" signature="endSession()[pri:0, instance:ReviewTest.writeAReview@58c1670b]" name="endSession" is-config="true" duration-ms="862" started-at="2021-07-04T21:04:19 CDT" finished-at="2021-07-04T21:04:20 CDT">
          <reporter-output>
          </reporter-output>
        </test-method> <!-- endSession -->
      </class> <!-- ReviewTest.writeAReview -->
    </test> <!-- Default test -->
  </suite> <!-- Default suite -->
</testng-results>
